<?xml version="1.0" encoding="UTF-8"?>
<!-- Generated by org.testng.reporters.JUnitXMLReporter -->
<testsuite hostname="WSAMZN-Q4PM99O7" ignored="0" name="Default test" tests="4" failures="0" timestamp="2021-11-30T19:50:22 IST" time="7.149" errors="0">
  <testcase name="initialTest" time="6.489" classname="Extent_Reports.ExtentReports.pages.StandaloneExtentReport"/>
  <testcase name="testCase2" time="0.004" classname="Extent_Reports.ExtentReports.pages.StandaloneExtentReport"/>
  <testcase name="testCase3" time="0.003" classname="Extent_Reports.ExtentReports.pages.StandaloneExtentReport"/>
  <testcase name="testCase4" time="0.002" classname="Extent_Reports.ExtentReports.pages.StandaloneExtentReport"/>
</testsuite> <!-- Default test -->
