<?xml version="1.0" encoding="UTF-8"?>
<!-- Generated by org.testng.reporters.JUnitXMLReporter -->
<testsuite hostname="WSAMZN-Q4PM99O7" ignored="0" name="Command line test" tests="6" failures="0" timestamp="2021-11-30T17:22:42 IST" time="0.058" errors="0">
  <testcase name="Demo" time="0.005" classname="Package_Name.Maven_Project.APITest"/>
  <testcase name="testProfile" time="0.0" classname="Package_Name.Maven_Project.APITest"/>
  <testcase name="Demo" time="0.001" classname="Package_Name.Maven_Project.AppiumTest"/>
  <testcase name="testProfile" time="0.001" classname="Package_Name.Maven_Project.AppiumTest"/>
  <testcase name="Demo" time="0.001" classname="Package_Name.Maven_Project.SeleniumTest"/>
  <testcase name="testProfile" time="0.0" classname="Package_Name.Maven_Project.SeleniumTest"/>
</testsuite> <!-- Command line test -->
