<?xml version="1.0" encoding="UTF-8"?>
<testng-results skipped="0" failed="0" ignored="0" total="1" passed="1">
  <reporter-output>
  </reporter-output>
  <suite name="Default suite" duration-ms="1236" started-at="2021-12-02T13:05:21 IST" finished-at="2021-12-02T13:05:22 IST">
    <groups>
    </groups>
    <test name="Default test" duration-ms="1236" started-at="2021-12-02T13:05:21 IST" finished-at="2021-12-02T13:05:22 IST">
      <class name="ExcelReaderClasses.DataDriver">
        <test-method status="PASS" signature="dataDriver()[pri:0, instance:ExcelReaderClasses.DataDriver@13c27452]" name="dataDriver" duration-ms="1193" started-at="2021-12-02T13:05:21 IST" finished-at="2021-12-02T13:05:22 IST">
          <reporter-output>
          </reporter-output>
        </test-method> <!-- dataDriver -->
      </class> <!-- ExcelReaderClasses.DataDriver -->
    </test> <!-- Default test -->
  </suite> <!-- Default suite -->
</testng-results>
