<?xml version="1.0" encoding="UTF-8"?>
<testng-results skipped="0" failed="0" ignored="0" total="2" passed="2">
  <reporter-output>
  </reporter-output>
  <suite name="Default suite" duration-ms="78" started-at="2021-11-30T18:49:40 IST" finished-at="2021-11-30T18:49:40 IST">
    <groups>
    </groups>
    <test name="Default test" duration-ms="78" started-at="2021-11-30T18:49:40 IST" finished-at="2021-11-30T18:49:40 IST">
      <class name="Package_Name.Maven_Project.SeleniumTest">
        <test-method status="PASS" signature="Demo()[pri:0, instance:Package_Name.Maven_Project.SeleniumTest@1f7030a6]" name="Demo" duration-ms="11" started-at="2021-11-30T18:49:40 IST" finished-at="2021-11-30T18:49:40 IST">
          <reporter-output>
          </reporter-output>
        </test-method> <!-- Demo -->
        <test-method status="PASS" signature="testProfile()[pri:0, instance:Package_Name.Maven_Project.SeleniumTest@1f7030a6]" name="testProfile" duration-ms="1" started-at="2021-11-30T18:49:40 IST" finished-at="2021-11-30T18:49:40 IST">
          <reporter-output>
          </reporter-output>
        </test-method> <!-- testProfile -->
      </class> <!-- Package_Name.Maven_Project.SeleniumTest -->
    </test> <!-- Default test -->
  </suite> <!-- Default suite -->
</testng-results>
