<?xml version="1.0" encoding="UTF-8" ?>
<testsuite tests="6" failures="0" name="TestSuite" time="0.02" errors="0" skipped="0">
  <properties>
[...]
</properties>
  <testcase classname="Package_Name.Maven_Project.APITest" name="Demo" time="0.009"/>
  <testcase classname="Package_Name.Maven_Project.APITest" name="testProfile" time="0.001"/>
  <testcase classname="Package_Name.Maven_Project.AppiumTest" name="Demo" time="0.003"/>
  <testcase classname="Package_Name.Maven_Project.AppiumTest" name="testProfile" time="0.005"/>
  <testcase classname="Package_Name.Maven_Project.SeleniumTest" name="Demo" time="0.001"/>
  <testcase classname="Package_Name.Maven_Project.SeleniumTest" name="testProfile" time="0.001"/>
</testsuite>