<?xml version="1.0" encoding="UTF-8"?>
<testng-results skipped="0" failed="0" total="1" passed="1">
  <reporter-output>
  </reporter-output>
  <suite name="Default suite" duration-ms="6831" started-at="2021-12-02T13:32:13Z" finished-at="2021-12-02T13:32:19Z">
    <groups>
    </groups>
    <test name="Default test" duration-ms="6831" started-at="2021-12-02T13:32:13Z" finished-at="2021-12-02T13:32:19Z">
      <class name="ReadExcelData.ExcelDriven">
        <test-method status="PASS" signature="addBook()[pri:0, instance:ReadExcelData.ExcelDriven@5fcd892a]" name="addBook" duration-ms="6813" started-at="2021-12-02T19:02:13Z" finished-at="2021-12-02T19:02:19Z">
          <reporter-output>
          </reporter-output>
        </test-method> <!-- addBook -->
      </class> <!-- ReadExcelData.ExcelDriven -->
    </test> <!-- Default test -->
  </suite> <!-- Default suite -->
</testng-results>
