<?xml version="1.0" encoding="UTF-8"?>
<!-- Generated by org.testng.reporters.JUnitXMLReporter -->
<testsuite hostname="WSAMZN-Q4PM99O7" ignored="7" name="Test" tests="11" failures="0" timestamp="2021-11-25T17:04:07 IST" time="0.078" errors="0">
  <testcase name="Demo" time="0.007" classname="Test.day1"/>
  <testcase name="SecondTest" time="0.001" classname="Test.day1"/>
  <testcase name="smokeTestFromDay1" time="0.002" classname="Test.day1"/>
  <testcase name="includeTestday2" time="0.002" classname="Test.day2"/>
  <testcase name="includeTest" time="0.0" classname="Test.day3"/>
  <testcase name="Demo" time="0.002" classname="Test.day4"/>
  <testcase name="smokeTestFromDay4" time="0.001" classname="Test.day4"/>
  <testcase name="Demoday5" time="0.003" classname="Test.day5"/>
  <testcase name="enablesTrueDay5" time="0.0" classname="Test.day5"/>
  <testcase name="dependOnday5" time="0.0" classname="Test.day5"/>
  <testcase name="dependOndayPre" time="0.001" classname="Test.day5"/>
  <testcase name="Demo" time="0.0" classname="Test.day2">
    <ignored/>
  </testcase> <!-- Demo -->
  <testcase name="secTest" time="0.0" classname="Test.day2">
    <ignored/>
  </testcase> <!-- secTest -->
  <testcase name="ExcludeTest" time="0.0" classname="Test.day2">
    <ignored/>
  </testcase> <!-- ExcludeTest -->
  <testcase name="smokeTestFromDay2" time="0.0" classname="Test.day2">
    <ignored/>
  </testcase> <!-- smokeTestFromDay2 -->
  <testcase name="Demo" time="0.0" classname="Test.day3">
    <ignored/>
  </testcase> <!-- Demo -->
  <testcase name="secTest" time="0.0" classname="Test.day3">
    <ignored/>
  </testcase> <!-- secTest -->
  <testcase name="enablesFalseDay5" time="0.0" classname="Test.day5">
    <ignored/>
  </testcase> <!-- enablesFalseDay5 -->
</testsuite> <!-- Test -->
