<?xml version="1.0" encoding="UTF-8"?>
<!-- Generated by org.testng.reporters.JUnitXMLReporter -->
<testsuite hostname="WSAMZN-Q4PM99O7" ignored="1" name="Test2" tests="9" failures="0" timestamp="2021-11-25T20:39:55 IST" time="0.028" errors="0">
  <testcase name="Demoday5" time="0.001" classname="Test.day5"/>
  <testcase name="enablesTrueDay5" time="0.002" classname="Test.day5"/>
  <testcase name="dependOnday5" time="0.002" classname="Test.day5"/>
  <testcase name="dependOndayPre" time="0.0" classname="Test.day5"/>
  <testcase name="WebloginHomeLoan" time="0.001" classname="Test.day6"/>
  <testcase name="WebloginHomeLoan" time="0.001" classname="Test.day6"/>
  <testcase name="method" time="0.001" classname="Test.day6"/>
  <testcase name="method" time="0.0" classname="Test.day6"/>
  <testcase name="method" time="0.001" classname="Test.day6"/>
  <testcase name="enablesFalseDay5" time="0.0" classname="Test.day5">
    <ignored/>
  </testcase> <!-- enablesFalseDay5 -->
</testsuite> <!-- Test2 -->
