<?xml version="1.0" encoding="UTF-8"?>
<!-- Generated by org.testng.reporters.JUnitXMLReporter -->
<testsuite hostname="WSAMZN-Q4PM99O7" ignored="0" name="Default test" tests="3" failures="0" timestamp="2021-11-05T14:10:19 IST" time="4.267" errors="0">
  <testcase name="addBook" time="3.072" classname="DynamicPayload.DynamicPayloadClass"/>
  <testcase name="addBook" time="0.578" classname="DynamicPayload.DynamicPayloadClass"/>
  <testcase name="addBook" time="0.567" classname="DynamicPayload.DynamicPayloadClass"/>
</testsuite> <!-- Default test -->
